[2026-05-31T09:15:47.339Z] [1] λ  ERROR  Error: ENOENT: no such file or directory, open '/home/ubuntu/sylix-voice-changer/.expo/types/router.d.ts'
[2026-05-31T09:15:47.339Z] [1]     at Object.writeFileSync (node:fs:2426:20)
[2026-05-31T09:15:47.339Z] [1]     at /home/ubuntu/sylix-voice-changer/node_modules/expo-router/build/typed-routes/index.js:80:27
[2026-05-31T09:15:47.339Z] [1]     at Timeout._onTimeout (/home/ubuntu/sylix-voice-changer/node_modules/expo-router/build/typed-routes/index.js:95:13)
[2026-05-31T09:15:47.339Z] [1]     at listOnTimeout (node:internal/timers:594:17)
[2026-05-31T09:15:47.339Z] [1]     at processTimers (node:internal/timers:529:7) {
[2026-05-31T09:15:47.339Z] [1]   errno: -2,
[2026-05-31T09:15:47.339Z] [1]   code: 'ENOENT',
[2026-05-31T09:15:47.339Z] [1]   syscall: 'open',
[2026-05-31T09:15:47.339Z] [1]   path: '/home/ubuntu/sylix-voice-changer/.expo/types/router.d.ts'
[2026-05-31T09:15:47.339Z] [1] }
[2026-05-31T09:15:47.339Z] [1]   listOnTimeout (node:internal/timers:594:17)
[2026-05-31T09:15:47.339Z] [1]   processTimers (node:internal/timers:529:7)
[2026-05-31T09:15:57.257Z] [1] › Detected a change in metro.config.js. Restart the server to see the new results.
[2026-05-31T09:15:57.257Z] [1]
[2026-05-31T09:15:57.257Z] › Detected a change in babel.config.js. Restart the server to see the new results. You may need to clear the bundler cache with the --clear flag for your changes to take effect.
[2026-05-31T09:15:57.706Z] [1]  WARN  The package /home/ubuntu/sylix-voice-changer/node_modules/@babel/runtime contains an invalid package.json configuration. Consider raising this issue with the package maintainer(s).
[2026-05-31T09:15:57.707Z] [1] Reason: The resolution for "/home/ubuntu/sylix-voice-changer/node_modules/@babel/runtime/helpers/objectSpread2" defined in "exports" is /home/ubuntu/sylix-voice-changer/node_modules/@babel/runtime/helpers/esm/objectSpread2.js, however this file does not exist. Falling back to file-based resolution.
[2026-05-31T09:16:01.799Z] [1]
[2026-05-31T09:16:01.799Z] WARN  The package /home/ubuntu/sylix-voice-changer/node_modules/@babel/runtime contains an invalid package.json configuration. Consider raising this issue with the package maintainer(s).
[2026-05-31T09:16:01.799Z] [1] Reason: The resolution for "/home/ubuntu/sylix-voice-changer/node_modules/@babel/runtime/helpers/objectWithoutPropertiesLoose" defined in "exports" is /home/ubuntu/sylix-voice-changer/node_modules/@babel/runtime/helpers/esm/objectWithoutPropertiesLoose.js, however this file does not exist. Falling back to file-based resolution.
[2026-05-31T09:16:01.799Z] [1]  WARN  The package /home/ubuntu/sylix-voice-changer/node_modules/@babel/runtime contains an invalid package.json configuration. Consider raising this issue with the package maintainer(s).
[2026-05-31T09:16:01.799Z] [1] Reason: The resolution for "/home/ubuntu/sylix-voice-changer/node_modules/@babel/runtime/helpers/objectSpread2" defined in "exports" is /home/ubuntu/sylix-voice-changer/node_modules/@babel/runtime/helpers/esm/objectSpread2.js, however this file does not exist. Falling back to file-based resolution.
[2026-05-31T09:16:01.799Z] [1]  WARN  The package /home/ubuntu/sylix-voice-changer/node_modules/@babel/runtime contains an invalid package.json configuration. Consider raising this issue with the package maintainer(s).
[2026-05-31T09:16:01.799Z] [1] Reason: The resolution for "/home/ubuntu/sylix-voice-changer/node_modules/@babel/runtime/helpers/objectWithoutPropertiesLoose" defined in "exports" is /home/ubuntu/sylix-voice-changer/node_modules/@babel/runtime/helpers/esm/objectWithoutPropertiesLoose.js, however this file does not exist. Falling back to file-based resolution.
[2026-05-31T09:16:01.799Z] [1]  WARN  The package /home/ubuntu/sylix-voice-changer/node_modules/@babel/runtime contains an invalid package.json configuration. Consider raising this issue with the package maintainer(s).
[2026-05-31T09:16:01.799Z] [1] Reason: The resolution for "/home/ubuntu/sylix-voice-changer/node_modules/@babel/runtime/helpers/objectSpread2" defined in "exports" is /home/ubuntu/sylix-voice-changer/node_modules/@babel/runtime/helpers/esm/objectSpread2.js, however this file does not exist. Falling back to file-based resolution.
[2026-05-31T09:16:01.799Z] [1]  WARN  The package /home/ubuntu/sylix-voice-changer/node_modules/@babel/runtime contains an invalid package.json configuration. Consider raising this issue with the package maintainer(s).
[2026-05-31T09:16:01.799Z] [1] Reason: The resolution for "/home/ubuntu/sylix-voice-changer/node_modules/@babel/runtime/helpers/objectWithoutPropertiesLoose" defined in "exports" is /home/ubuntu/sylix-voice-changer/node_modules/@babel/runtime/helpers/esm/objectWithoutPropertiesLoose.js, however this file does not exist. Falling back to file-based resolution.
[2026-05-31T09:16:01.799Z] [1]  WARN  The package /home/ubuntu/sylix-voice-changer/node_modules/@babel/runtime contains an invalid package.json configuration. Consider raising this issue with the package maintainer(s).
[2026-05-31T09:16:01.799Z] [1] Reason: The resolution for "/home/ubuntu/sylix-voice-changer/node_modules/@babel/runtime/helpers/extends" defined in "exports" is /home/ubuntu/sylix-voice-changer/node_modules/@babel/runtime/helpers/esm/extends.js, however this file does not exist. Falling back to file-based resolution.
[2026-05-31T09:16:01.799Z] [1]  WARN  The package /home/ubuntu/sylix-voice-changer/node_modules/@babel/runtime contains an invalid package.json configuration. Consider raising this issue with the package maintainer(s).
[2026-05-31T09:16:01.799Z] [1] Reason: The resolution for "/home/ubuntu/sylix-voice-changer/node_modules/@babel/runtime/helpers/extends" defined in "exports" is /home/ubuntu/sylix-voice-changer/node_modules/@babel/runtime/helpers/esm/extends.js, however this file does not exist. Falling back to file-based resolution.
[2026-05-31T09:16:01.799Z] [1]  WARN  The package /home/ubuntu/sylix-voice-changer/node_modules/@babel/runtime contains an invalid package.json configuration. Consider raising this issue with the package maintainer(s).
[2026-05-31T09:16:01.799Z] [1] Reason: The resolution for "/home/ubuntu/sylix-voice-changer/node_modules/@babel/runtime/helpers/extends" defined in "exports" is /home/ubuntu/sylix-voice-changer/node_modules/@babel/runtime/helpers/esm/extends.js, however this file does not exist. Falling back to file-based resolution.
[2026-05-31T09:16:01.799Z] [1]  WARN  The package /home/ubuntu/sylix-voice-changer/node_modules/@babel/ru
[2026-05-31T09:16:01.799Z] ntime contains an invalid package.json configuration. Consider raising this issue with the package maintainer(s).
[2026-05-31T09:16:01.799Z] [1] Reason: The resolution for "/home/ubuntu/sylix-voice-changer/node_modules/@babel/runtime/helpers/objectSpread2" defined in "exports" is /home/ubuntu/sylix-voice-changer/node_modules/@babel/runtime/helpers/esm/objectSpread2.js, however this file does not exist. Falling back to file-based resolution.
[2026-05-31T09:16:01.799Z] [1]  WARN  The package /home/ubuntu/sylix-voice-changer/node_modules/@babel/runtime contains an invalid package.json configuration. Consider raising this issue with the package maintainer(s).
[2026-05-31T09:16:01.799Z] [1] Reason: The resolution for "/home/ubuntu/sylix-voice-changer/node_modules/@babel/runtime/helpers/objectWithoutPropertiesLoose" defined in "exports" is /home/ubuntu/sylix-voice-changer/node_modules/@babel/runtime/helpers/esm/objectWithoutPropertiesLoose.js, however this file does not exist. Falling back to file-based resolution.
[2026-05-31T09:16:01.799Z] [1]  WARN  The package /home/ubuntu/sylix-voice-changer/node_modules/@babel/runtime contains an invalid package.json configuration. Consider raising this issue with the package maintainer(s).
[2026-05-31T09:16:01.799Z] [1] Reason: The resolution for "/home/ubuntu/sylix-voice-changer/node_modules/@babel/runtime/helpers/extends" defined in "exports" is /home/ubuntu/sylix-voice-changer/node_modules/@babel/runtime/helpers/esm/extends.js, however this file does not exist. Falling back to file-based resolution.
[2026-05-31T09:16:01.799Z] [1]  WARN  The package /home/ubuntu/sylix-voice-changer/node_modules/@babel/runtime contains an invalid package.json configuration. Consider raising this issue with the package maintainer(s).
[2026-05-31T09:16:01.799Z] [1] Reason: The resolution for "/home/ubuntu/sylix-voice-changer/node_modules/@babel/runtime/helpers/extends" defined in "exports" is /home/ubuntu/sylix-voice-changer/node_modules/@babel/runtime/helpers/esm/extends.js, however this file does not exist. Falling back to file-based resolution.
[2026-05-31T09:16:01.799Z] [1]  WARN  The package /home/ubuntu/sylix-voice-changer/node_modules/@babel/runtime contains an invalid package.json configuration. Consider raising this issue with the package maintainer(s).
[2026-05-31T09:16:01.799Z] [1] Reason: The resolution for "/home/ubuntu/sylix-voice-changer/node_modules/@babel/runtime/helpers/extends" defined in "exports" is /home/ubuntu/sylix-voice-changer/node_modules/@babel/runtime/helpers/esm/extends.js, however this file does not exist. Falling back to file-based resolution.
[2026-05-31T09:16:01.799Z] [1]  WARN  The package /home/ubuntu/sylix-voice-changer/node_modules/@babel/runtime contains an invalid package.json configuration. Consider raising this issue with the package maintainer(s).
[2026-05-31T09:16:01.799Z] [1] Reason: The resolution for "/home/ubuntu/sylix-voice-changer/node_modules/@babel/runtime/helpers/createForOfIteratorHelperLoose" defined in "exports" is /home/ubuntu/sylix-voice-changer/node_modules/@babel/runtime/helpers/esm/createForOfIteratorHelperLoose.js, however this file does not exist. Falling back to file-based resolution.
[2026-05-31T09:16:01.799Z] [1]  WARN  The package /home/ubuntu/sylix-voice-changer/node_modules/@babel/runtime contains an invalid package.json configuration. Consider raising this issue with the package maintainer(s).
[2026-05-31T09:16:01.799Z] [1] Reason: The resolution for "/home/ubuntu/sylix-voice-changer/node_modules/@babel/runtime/helpers/createForOfIteratorHelperLoose" defined in "exports" is /home/ubuntu/sylix-voice-changer/node_modules/@babel/runtime/helpers/esm/createForOfIteratorHelperLoose.js, however this file does not exist. Falling back to file-based resolution.
[2026-05-31T09:16:01.799Z] [1]  WARN  The package /home/ubuntu/sylix-voice-changer/node_modules/@babel/runtime contains an invalid package.json configuration. Consider raising this issue with the package maintainer(s).
[2026-05-31T09:16:01.799Z] [1] Reason: The resolution for "/home/ubuntu/sylix-voice-changer/node_modules/@babel/runtime/helpers/createForOfIteratorHelperLoose" defined in "exports" is /home/ubuntu/sylix-voice-changer/node_modules/@babel/runtime/helpers/esm/createForOfIteratorHelperLoose.js, however this file does not exist. Falling back to file-based resolution.
[2026-05-31T09:16:01.799Z] [1]  WARN  The package /home/ubuntu/sylix-voice-changer/node_modules/@babel/runtime contains an invalid packag
[2026-05-31T09:16:01.799Z] e.json configuration. Consider raising this issue with the package maintainer(s).
[2026-05-31T09:16:01.799Z] [1] Reason: The resolution for "/home/ubuntu/sylix-voice-changer/node_modules/@babel/runtime/helpers/objectSpread2" defined in "exports" is /home/ubuntu/sylix-voice-changer/node_modules/@babel/runtime/helpers/esm/objectSpread2.js, however this file does not exist. Falling back to file-based resolution.
[2026-05-31T09:16:01.799Z] [1]  WARN  The package /home/ubuntu/sylix-voice-changer/node_modules/@babel/runtime contains an invalid package.json configuration. Consider raising this issue with the package maintainer(s).
[2026-05-31T09:16:01.799Z] [1] Reason: The resolution for "/home/ubuntu/sylix-voice-changer/node_modules/@babel/runtime/helpers/extends" defined in "exports" is /home/ubuntu/sylix-voice-changer/node_modules/@babel/runtime/helpers/esm/extends.js, however this file does not exist. Falling back to file-based resolution.
[2026-05-31T09:16:01.799Z] [1]  WARN  The package /home/ubuntu/sylix-voice-changer/node_modules/@babel/runtime contains an invalid package.json configuration. Consider raising this issue with the package maintainer(s).
[2026-05-31T09:16:01.799Z] [1] Reason: The resolution for "/home/ubuntu/sylix-voice-changer/node_modules/@babel/runtime/helpers/extends" defined in "exports" is /home/ubuntu/sylix-voice-changer/node_modules/@babel/runtime/helpers/esm/extends.js, however this file does not exist. Falling back to file-based resolution.
[2026-05-31T09:16:01.799Z] [1]  WARN  The package /home/ubuntu/sylix-voice-changer/node_modules/@babel/runtime contains an invalid package.json configuration. Consider raising this issue with the package maintainer(s).
[2026-05-31T09:16:01.799Z] [1] Reason: The resolution for "/home/ubuntu/sylix-voice-changer/node_modules/@babel/runtime/helpers/extends" defined in "exports" is /home/ubuntu/sylix-voice-changer/node_modules/@babel/runtime/helpers/esm/extends.js, however this file does not exist. Falling back to file-based resolution.
[2026-05-31T09:16:01.799Z] [1]  WARN  The package /home/ubuntu/sylix-voice-changer/node_modules/@babel/runtime contains an invalid package.json configuration. Consider raising this issue with the package maintainer(s).
[2026-05-31T09:16:01.799Z] [1] Reason: The resolution for "/home/ubuntu/sylix-voice-changer/node_modules/@babel/runtime/helpers/extends" defined in "exports" is /home/ubuntu/sylix-voice-changer/node_modules/@babel/runtime/helpers/esm/extends.js, however this file does not exist. Falling back to file-based resolution.
[2026-05-31T09:16:01.799Z] [1]  WARN  The package /home/ubuntu/sylix-voice-changer/node_modules/@babel/runtime contains an invalid package.json configuration. Consider raising this issue with the package maintainer(s).
[2026-05-31T09:16:01.799Z] [1] Reason: The resolution for "/home/ubuntu/sylix-voice-changer/node_modules/@babel/runtime/helpers/extends" defined in "exports" is /home/ubuntu/sylix-voice-changer/node_modules/@babel/runtime/helpers/esm/extends.js, however this file does not exist. Falling back to file-based resolution.
[2026-05-31T09:16:01.799Z] [1]  WARN  The package /home/ubuntu/sylix-voice-changer/node_modules/@babel/runtime contains an invalid package.json configuration. Consider raising this issue with the package maintainer(s).
[2026-05-31T09:16:01.799Z] [1] Reason: The resolution for "/home/ubuntu/sylix-voice-changer/node_modules/@babel/runtime/helpers/extends" defined in "exports" is /home/ubuntu/sylix-voice-changer/node_modules/@babel/runtime/helpers/esm/extends.js, however this file does not exist. Falling back to file-based resolution.
[2026-05-31T09:16:01.799Z] [1]  WARN  The package /home/ubuntu/sylix-voice-changer/node_modules/@babel/runtime contains an invalid package.json configuration. Consider raising this issue with the package maintainer(s).
[2026-05-31T09:16:01.799Z] [1] Reason: The resolution for "/home/ubuntu/sylix-voice-changer/node_modules/@babel/runtime/helpers/objectWithoutPropertiesLoose" defined in "exports" is /home/ubuntu/sylix-voice-changer/node_modules/@babel/runtime/helpers/esm/objectWithoutPropertiesLoose.js, however this file does not exist. Falling back to file-based resolution.
[2026-05-31T09:16:01.799Z] [1]  WARN  The package /home/ubuntu/sylix-voice-changer/node_modules/@babel/runtime contains an invalid package.json configuration. Consider raising this issue with the package maintainer(s).
[2026-05-31T09:16:01.799Z] [1] Reason: The resolution for "/home/ubuntu/sylix-voice-changer/node_modules/@babel/run
[2026-05-31T09:16:01.799Z] time/helpers/objectSpread2" defined in "exports" is /home/ubuntu/sylix-voice-changer/node_modules/@babel/runtime/helpers/esm/objectSpread2.js, however this file does not exist. Falling back to file-based resolution.
[2026-05-31T09:16:01.799Z] [1]  WARN  The package /home/ubuntu/sylix-voice-changer/node_modules/@babel/runtime contains an invalid package.json configuration. Consider raising this issue with the package maintainer(s).
[2026-05-31T09:16:01.799Z] [1] Reason: The resolution for "/home/ubuntu/sylix-voice-changer/node_modules/@babel/runtime/helpers/createForOfIteratorHelperLoose" defined in "exports" is /home/ubuntu/sylix-voice-changer/node_modules/@babel/runtime/helpers/esm/createForOfIteratorHelperLoose.js, however this file does not exist. Falling back to file-based resolution.
[2026-05-31T09:16:01.799Z] [1]  WARN  The package /home/ubuntu/sylix-voice-changer/node_modules/@babel/runtime contains an invalid package.json configuration. Consider raising this issue with the package maintainer(s).
[2026-05-31T09:16:01.799Z] [1] Reason: The resolution for "/home/ubuntu/sylix-voice-changer/node_modules/@babel/runtime/helpers/createForOfIteratorHelperLoose" defined in "exports" is /home/ubuntu/sylix-voice-changer/node_modules/@babel/runtime/helpers/esm/createForOfIteratorHelperLoose.js, however this file does not exist. Falling back to file-based resolution.
[2026-05-31T09:16:01.799Z] [1]  WARN  The package /home/ubuntu/sylix-voice-changer/node_modules/@babel/runtime contains an invalid package.json configuration. Consider raising this issue with the package maintainer(s).
[2026-05-31T09:16:01.799Z] [1] Reason: The resolution for "/home/ubuntu/sylix-voice-changer/node_modules/@babel/runtime/helpers/createForOfIteratorHelperLoose" defined in "exports" is /home/ubuntu/sylix-voice-changer/node_modules/@babel/runtime/helpers/esm/createForOfIteratorHelperLoose.js, however this file does not exist. Falling back to file-based resolution.
[2026-05-31T09:16:01.799Z] [1]  WARN  The package /home/ubuntu/sylix-voice-changer/node_modules/@babel/runtime contains an invalid package.json configuration. Consider raising this issue with the package maintainer(s).
[2026-05-31T09:16:01.799Z] [1] Reason: The resolution for "/home/ubuntu/sylix-voice-changer/node_modules/@babel/runtime/helpers/objectSpread2" defined in "exports" is /home/ubuntu/sylix-voice-changer/node_modules/@babel/runtime/helpers/esm/objectSpread2.js, however this file does not exist. Falling back to file-based resolution.
[2026-05-31T09:16:01.799Z] [1]  WARN  The package /home/ubuntu/sylix-voice-changer/node_modules/@babel/runtime contains an invalid package.json configuration. Consider raising this issue with the package maintainer(s).
[2026-05-31T09:16:01.799Z] [1] Reason: The resolution for "/home/ubuntu/sylix-voice-changer/node_modules/@babel/runtime/helpers/objectSpread2" defined in "exports" is /home/ubuntu/sylix-voice-changer/node_modules/@babel/runtime/helpers/esm/objectSpread2.js, however this file does not exist. Falling back to file-based resolution.
[2026-05-31T09:16:01.800Z] [1]  WARN  The package /home/ubuntu/sylix-voice-changer/node_modules/@babel/runtime contains an invalid package.json configuration. Consider raising this issue with the package maintainer(s).
[2026-05-31T09:16:01.800Z] [1] Reason: The resolution for "/home/ubuntu/sylix-voice-changer/node_modules/@babel/runtime/helpers/createForOfIteratorHelperLoose" defined in "exports" is /home/ubuntu/sylix-voice-changer/node_modules/@babel/runtime/helpers/esm/createForOfIteratorHelperLoose.js, however this file does not exist. Falling back to file-based resolution.
[2026-05-31T09:16:01.800Z] [1]  WARN  The package /home/ubuntu/sylix-voice-changer/node_modules/@babel/runtime contains an invalid package.json configuration. Consider raising this issue with the package maintainer(s).
[2026-05-31T09:16:01.800Z] [1] Reason: The resolution for "/home/ubuntu/sylix-voice-changer/node_modules/@babel/runtime/helpers/createForOfIteratorHelperLoose" defined in "exports" is /home/ubuntu/sylix-voice-changer/node_modules/@babel/runtime/helpers/esm/createForOfIteratorHelperLoose.js, however this file does not exist. Falling back to file-based resolution.
[2026-05-31T09:16:01.800Z] [1]  WARN  The package /home/ubuntu/sylix-voice-changer/node_modules/@babel/runtime contains an invalid package.json configuration. Consider raising this issue with the package maintainer(s).
[2026-05-31T09:16:01.800Z] [1] Reason: The resolution for "/home/ubuntu/s
[2026-05-31T09:16:01.800Z] ylix-voice-changer/node_modules/@babel/runtime/helpers/createForOfIteratorHelperLoose" defined in "exports" is /home/ubuntu/sylix-voice-changer/node_modules/@babel/runtime/helpers/esm/createForOfIteratorHelperLoose.js, however this file does not exist. Falling back to file-based resolution.
[2026-05-31T09:16:01.800Z] [1]  WARN  The package /home/ubuntu/sylix-voice-changer/node_modules/@babel/runtime contains an invalid package.json configuration. Consider raising this issue with the package maintainer(s).
[2026-05-31T09:16:01.800Z] [1] Reason: The resolution for "/home/ubuntu/sylix-voice-changer/node_modules/@babel/runtime/helpers/objectSpread2" defined in "exports" is /home/ubuntu/sylix-voice-changer/node_modules/@babel/runtime/helpers/esm/objectSpread2.js, however this file does not exist. Falling back to file-based resolution.
[2026-05-31T09:16:01.800Z] [1]  WARN  The package /home/ubuntu/sylix-voice-changer/node_modules/@babel/runtime contains an invalid package.json configuration. Consider raising this issue with the package maintainer(s).
[2026-05-31T09:16:01.800Z] [1] Reason: The resolution for "/home/ubuntu/sylix-voice-changer/node_modules/@babel/runtime/helpers/extends" defined in "exports" is /home/ubuntu/sylix-voice-changer/node_modules/@babel/runtime/helpers/esm/extends.js, however this file does not exist. Falling back to file-based resolution.
[2026-05-31T09:16:01.800Z] [1]  WARN  The package /home/ubuntu/sylix-voice-changer/node_modules/@babel/runtime contains an invalid package.json configuration. Consider raising this issue with the package maintainer(s).
[2026-05-31T09:16:01.800Z] [1] Reason: The resolution for "/home/ubuntu/sylix-voice-changer/node_modules/@babel/runtime/helpers/extends" defined in "exports" is /home/ubuntu/sylix-voice-changer/node_modules/@babel/runtime/helpers/esm/extends.js, however this file does not exist. Falling back to file-based resolution.
[2026-05-31T09:16:01.800Z] [1]  WARN  The package /home/ubuntu/sylix-voice-changer/node_modules/@babel/runtime contains an invalid package.json configuration. Consider raising this issue with the package maintainer(s).
[2026-05-31T09:16:01.800Z] [1] Reason: The resolution for "/home/ubuntu/sylix-voice-changer/node_modules/@babel/runtime/helpers/extends" defined in "exports" is /home/ubuntu/sylix-voice-changer/node_modules/@babel/runtime/helpers/esm/extends.js, however this file does not exist. Falling back to file-based resolution.
[2026-05-31T09:16:01.800Z] [1]  WARN  The package /home/ubuntu/sylix-voice-changer/node_modules/@babel/runtime contains an invalid package.json configuration. Consider raising this issue with the package maintainer(s).
[2026-05-31T09:16:01.800Z] [1] Reason: The resolution for "/home/ubuntu/sylix-voice-changer/node_modules/@babel/runtime/helpers/extends" defined in "exports" is /home/ubuntu/sylix-voice-changer/node_modules/@babel/runtime/helpers/esm/extends.js, however this file does not exist. Falling back to file-based resolution.
[2026-05-31T09:16:01.800Z] [1]  WARN  The package /home/ubuntu/sylix-voice-changer/node_modules/@babel/runtime contains an invalid package.json configuration. Consider raising this issue with the package maintainer(s).
[2026-05-31T09:16:01.800Z] [1] Reason: The resolution for "/home/ubuntu/sylix-voice-changer/node_modules/@babel/runtime/helpers/extends" defined in "exports" is /home/ubuntu/sylix-voice-changer/node_modules/@babel/runtime/helpers/esm/extends.js, however this file does not exist. Falling back to file-based resolution.
[2026-05-31T09:16:01.800Z] [1]  WARN  The package /home/ubuntu/sylix-voice-changer/node_modules/@babel/runtime contains an invalid package.json configuration. Consider raising this issue with the package maintainer(s).
[2026-05-31T09:16:01.800Z] [1] Reason: The resolution for "/home/ubuntu/sylix-voice-changer/node_modules/@babel/runtime/helpers/extends" defined in "exports" is /home/ubuntu/sylix-voice-changer/node_modules/@babel/runtime/helpers/esm/extends.js, however this file does not exist. Falling back to file-based resolution.
[2026-05-31T09:16:01.800Z] [1]  WARN  The package /home/ubuntu/sylix-voice-changer/node_modules/@babel/runtime contains an invalid package.json configuration. Consider raising this issue with the package maintainer(s).
[2026-05-31T09:16:01.800Z] [1] Reason: The resolution for "/home/ubuntu/sylix-voice-changer/node_modules/@babel/runtime/helpers/objectSpread2" defined in "exports" is /home/ubuntu/sylix-voice-changer/node_modules/@babel/runtime/helpers/esm
[2026-05-31T09:16:01.800Z] /objectSpread2.js, however this file does not exist. Falling back to file-based resolution.
[2026-05-31T09:16:01.800Z] [1]  WARN  The package /home/ubuntu/sylix-voice-changer/node_modules/@babel/runtime contains an invalid package.json configuration. Consider raising this issue with the package maintainer(s).
[2026-05-31T09:16:01.800Z] [1] Reason: The resolution for "/home/ubuntu/sylix-voice-changer/node_modules/@babel/runtime/helpers/createForOfIteratorHelperLoose" defined in "exports" is /home/ubuntu/sylix-voice-changer/node_modules/@babel/runtime/helpers/esm/createForOfIteratorHelperLoose.js, however this file does not exist. Falling back to file-based resolution.
[2026-05-31T09:16:01.800Z] [1]  WARN  The package /home/ubuntu/sylix-voice-changer/node_modules/@babel/runtime contains an invalid package.json configuration. Consider raising this issue with the package maintainer(s).
[2026-05-31T09:16:01.800Z] [1] Reason: The resolution for "/home/ubuntu/sylix-voice-changer/node_modules/@babel/runtime/helpers/createForOfIteratorHelperLoose" defined in "exports" is /home/ubuntu/sylix-voice-changer/node_modules/@babel/runtime/helpers/esm/createForOfIteratorHelperLoose.js, however this file does not exist. Falling back to file-based resolution.
[2026-05-31T09:16:01.800Z] [1]  WARN  The package /home/ubuntu/sylix-voice-changer/node_modules/@babel/runtime contains an invalid package.json configuration. Consider raising this issue with the package maintainer(s).
[2026-05-31T09:16:01.800Z] [1] Reason: The resolution for "/home/ubuntu/sylix-voice-changer/node_modules/@babel/runtime/helpers/createForOfIteratorHelperLoose" defined in "exports" is /home/ubuntu/sylix-voice-changer/node_modules/@babel/runtime/helpers/esm/createForOfIteratorHelperLoose.js, however this file does not exist. Falling back to file-based resolution.
[2026-05-31T09:16:01.800Z] [1]  WARN  The package /home/ubuntu/sylix-voice-changer/node_modules/@babel/runtime contains an invalid package.json configuration. Consider raising this issue with the package maintainer(s).
[2026-05-31T09:16:01.800Z] [1] Reason: The resolution for "/home/ubuntu/sylix-voice-changer/node_modules/@babel/runtime/helpers/objectSpread2" defined in "exports" is /home/ubuntu/sylix-voice-changer/node_modules/@babel/runtime/helpers/esm/objectSpread2.js, however this file does not exist. Falling back to file-based resolution.
[2026-05-31T09:16:01.800Z] [1]  WARN  The package /home/ubuntu/sylix-voice-changer/node_modules/@babel/runtime contains an invalid package.json configuration. Consider raising this issue with the package maintainer(s).
[2026-05-31T09:16:01.800Z] [1] Reason: The resolution for "/home/ubuntu/sylix-voice-changer/node_modules/@babel/runtime/helpers/extends" defined in "exports" is /home/ubuntu/sylix-voice-changer/node_modules/@babel/runtime/helpers/esm/extends.js, however this file does not exist. Falling back to file-based resolution.
[2026-05-31T09:16:01.800Z] [1]  WARN  The package /home/ubuntu/sylix-voice-changer/node_modules/@babel/runtime contains an invalid package.json configuration. Consider raising this issue with the package maintainer(s).
[2026-05-31T09:16:01.800Z] [1] Reason: The resolution for "/home/ubuntu/sylix-voice-changer/node_modules/@babel/runtime/helpers/extends" defined in "exports" is /home/ubuntu/sylix-voice-changer/node_modules/@babel/runtime/helpers/esm/extends.js, however this file does not exist. Falling back to file-based resolution.
[2026-05-31T09:16:01.800Z] [1]  WARN  The package /home/ubuntu/sylix-voice-changer/node_modules/@babel/runtime contains an invalid package.json configuration. Consider raising this issue with the package maintainer(s).
[2026-05-31T09:16:01.800Z] [1] Reason: The resolution for "/home/ubuntu/sylix-voice-changer/node_modules/@babel/runtime/helpers/extends" defined in "exports" is /home/ubuntu/sylix-voice-changer/node_modules/@babel/runtime/helpers/esm/extends.js, however this file does not exist. Falling back to file-based resolution.
[2026-05-31T09:16:01.800Z] [1]  WARN  The package /home/ubuntu/sylix-voice-changer/node_modules/@babel/runtime contains an invalid package.json configuration. Consider raising this issue with the package maintainer(s).
[2026-05-31T09:16:01.800Z] [1] Reason: The resolution for "/home/ubuntu/sylix-voice-changer/node_modules/@babel/runtime/helpers/extends" defined in "exports" is /home/ubuntu/sylix-voice-changer/node_modules/@babel/runtime/helpers/esm/extends.js, however this file does not exist. Falling back to file-
[2026-05-31T09:16:01.800Z] based resolution.
[2026-05-31T09:16:01.800Z] [1]  WARN  The package /home/ubuntu/sylix-voice-changer/node_modules/@babel/runtime contains an invalid package.json configuration. Consider raising this issue with the package maintainer(s).
[2026-05-31T09:16:01.800Z] [1] Reason: The resolution for "/home/ubuntu/sylix-voice-changer/node_modules/@babel/runtime/helpers/extends" defined in "exports" is /home/ubuntu/sylix-voice-changer/node_modules/@babel/runtime/helpers/esm/extends.js, however this file does not exist. Falling back to file-based resolution.
[2026-05-31T09:16:01.800Z] [1]  WARN  The package /home/ubuntu/sylix-voice-changer/node_modules/@babel/runtime contains an invalid package.json configuration. Consider raising this issue with the package maintainer(s).
[2026-05-31T09:16:01.800Z] [1] Reason: The resolution for "/home/ubuntu/sylix-voice-changer/node_modules/@babel/runtime/helpers/extends" defined in "exports" is /home/ubuntu/sylix-voice-changer/node_modules/@babel/runtime/helpers/esm/extends.js, however this file does not exist. Falling back to file-based resolution.
[2026-05-31T09:16:01.800Z] [1]  WARN  The package /home/ubuntu/sylix-voice-changer/node_modules/@babel/runtime contains an invalid package.json configuration. Consider raising this issue with the package maintainer(s).
[2026-05-31T09:16:01.800Z] [1] Reason: The resolution for "/home/ubuntu/sylix-voice-changer/node_modules/@babel/runtime/helpers/extends" defined in "exports" is /home/ubuntu/sylix-voice-changer/node_modules/@babel/runtime/helpers/esm/extends.js, however this file does not exist. Falling back to file-based resolution.
[2026-05-31T09:16:01.800Z] [1]  WARN  The package /home/ubuntu/sylix-voice-changer/node_modules/@babel/runtime contains an invalid package.json configuration. Consider raising this issue with the package maintainer(s).
[2026-05-31T09:16:01.800Z] [1] Reason: The resolution for "/home/ubuntu/sylix-voice-changer/node_modules/@babel/runtime/helpers/extends" defined in "exports" is /home/ubuntu/sylix-voice-changer/node_modules/@babel/runtime/helpers/esm/extends.js, however this file does not exist. Falling back to file-based resolution.
[2026-05-31T09:16:01.800Z] [1]  WARN  The package /home/ubuntu/sylix-voice-changer/node_modules/@babel/runtime contains an invalid package.json configuration. Consider raising this issue with the package maintainer(s).
[2026-05-31T09:16:01.800Z] [1] Reason: The resolution for "/home/ubuntu/sylix-voice-changer/node_modules/@babel/runtime/helpers/extends" defined in "exports" is /home/ubuntu/sylix-voice-changer/node_modules/@babel/runtime/helpers/esm/extends.js, however this file does not exist. Falling back to file-based resolution.
[2026-05-31T09:16:01.800Z] [1]  WARN  The package /home/ubuntu/sylix-voice-changer/node_modules/@babel/runtime contains an invalid package.json configuration. Consider raising this issue with the package maintainer(s).
[2026-05-31T09:16:01.800Z] [1] Reason: The resolution for "/home/ubuntu/sylix-voice-changer/node_modules/@babel/runtime/helpers/objectSpread2" defined in "exports" is /home/ubuntu/sylix-voice-changer/node_modules/@babel/runtime/helpers/esm/objectSpread2.js, however this file does not exist. Falling back to file-based resolution.
[2026-05-31T09:16:01.800Z] [1]  WARN  The package /home/ubuntu/sylix-voice-changer/node_modules/@babel/runtime contains an invalid package.json configuration. Consider raising this issue with the package maintainer(s).
[2026-05-31T09:16:01.800Z] [1] Reason: The resolution for "/home/ubuntu/sylix-voice-changer/node_modules/@babel/runtime/helpers/objectWithoutPropertiesLoose" defined in "exports" is /home/ubuntu/sylix-voice-changer/node_modules/@babel/runtime/helpers/esm/objectWithoutPropertiesLoose.js, however this file does not exist. Falling back to file-based resolution.
[2026-05-31T09:16:01.800Z] [1]  WARN  The package /home/ubuntu/sylix-voice-changer/node_modules/@babel/runtime contains an invalid package.json configuration. Consider raising this issue with the package maintainer(s).
[2026-05-31T09:16:01.800Z] [1] Reason: The resolution for "/home/ubuntu/sylix-voice-changer/node_modules/@babel/runtime/helpers/extends" defined in "exports" is /home/ubuntu/sylix-voice-changer/node_modules/@babel/runtime/helpers/esm/extends.js, however this file does not exist. Falling back to file-based resolution.
[2026-05-31T09:16:01.800Z] [1]  WARN  The package /home/ubuntu/sylix-voice-changer/node_modules/@babel/runtime contains an invalid package.json configuration. Consider raising thi
[2026-05-31T09:16:01.800Z] s issue with the package maintainer(s).
[2026-05-31T09:16:01.800Z] [1] Reason: The resolution for "/home/ubuntu/sylix-voice-changer/node_modules/@babel/runtime/helpers/extends" defined in "exports" is /home/ubuntu/sylix-voice-changer/node_modules/@babel/runtime/helpers/esm/extends.js, however this file does not exist. Falling back to file-based resolution.
[2026-05-31T09:16:01.800Z] [1]  WARN  The package /home/ubuntu/sylix-voice-changer/node_modules/@babel/runtime contains an invalid package.json configuration. Consider raising this issue with the package maintainer(s).
[2026-05-31T09:16:01.800Z] [1] Reason: The resolution for "/home/ubuntu/sylix-voice-changer/node_modules/@babel/runtime/helpers/extends" defined in "exports" is /home/ubuntu/sylix-voice-changer/node_modules/@babel/runtime/helpers/esm/extends.js, however this file does not exist. Falling back to file-based resolution.
[2026-05-31T09:16:01.800Z] [1]  WARN  The package /home/ubuntu/sylix-voice-changer/node_modules/@babel/runtime contains an invalid package.json configuration. Consider raising this issue with the package maintainer(s).
[2026-05-31T09:16:01.800Z] [1] Reason: The resolution for "/home/ubuntu/sylix-voice-changer/node_modules/@babel/runtime/helpers/extends" defined in "exports" is /home/ubuntu/sylix-voice-changer/node_modules/@babel/runtime/helpers/esm/extends.js, however this file does not exist. Falling back to file-based resolution.
[2026-05-31T09:16:01.800Z] [1]  WARN  The package /home/ubuntu/sylix-voice-changer/node_modules/@babel/runtime contains an invalid package.json configuration. Consider raising this issue with the package maintainer(s).
[2026-05-31T09:16:01.800Z] [1] Reason: The resolution for "/home/ubuntu/sylix-voice-changer/node_modules/@babel/runtime/helpers/extends" defined in "exports" is /home/ubuntu/sylix-voice-changer/node_modules/@babel/runtime/helpers/esm/extends.js, however this file does not exist. Falling back to file-based resolution.
[2026-05-31T09:16:01.800Z] [1]  WARN  The package /home/ubuntu/sylix-voice-changer/node_modules/@babel/runtime contains an invalid package.json configuration. Consider raising this issue with the package maintainer(s).
[2026-05-31T09:16:01.800Z] [1] Reason: The resolution for "/home/ubuntu/sylix-voice-changer/node_modules/@babel/runtime/helpers/extends" defined in "exports" is /home/ubuntu/sylix-voice-changer/node_modules/@babel/runtime/helpers/esm/extends.js, however this file does not exist. Falling back to file-based resolution.
[2026-05-31T09:16:01.800Z] [1]  WARN  The package /home/ubuntu/sylix-voice-changer/node_modules/@babel/runtime contains an invalid package.json configuration. Consider raising this issue with the package maintainer(s).
[2026-05-31T09:16:01.800Z] [1] Reason: The resolution for "/home/ubuntu/sylix-voice-changer/node_modules/@babel/runtime/helpers/extends" defined in "exports" is /home/ubuntu/sylix-voice-changer/node_modules/@babel/runtime/helpers/esm/extends.js, however this file does not exist. Falling back to file-based resolution.
[2026-05-31T09:16:01.800Z] [1]  WARN  The package /home/ubuntu/sylix-voice-changer/node_modules/@babel/runtime contains an invalid package.json configuration. Consider raising this issue with the package maintainer(s).
[2026-05-31T09:16:01.800Z] [1] Reason: The resolution for "/home/ubuntu/sylix-voice-changer/node_modules/@babel/runtime/helpers/extends" defined in "exports" is /home/ubuntu/sylix-voice-changer/node_modules/@babel/runtime/helpers/esm/extends.js, however this file does not exist. Falling back to file-based resolution.
[2026-05-31T09:16:01.800Z] [1]  WARN  The package /home/ubuntu/sylix-voice-changer/node_modules/@babel/runtime contains an invalid package.json configuration. Consider raising this issue with the package maintainer(s).
[2026-05-31T09:16:01.800Z] [1] Reason: The resolution for "/home/ubuntu/sylix-voice-changer/node_modules/@babel/runtime/helpers/extends" defined in "exports" is /home/ubuntu/sylix-voice-changer/node_modules/@babel/runtime/helpers/esm/extends.js, however this file does not exist. Falling back to file-based resolution.
[2026-05-31T09:16:01.800Z] [1]  WARN  The package /home/ubuntu/sylix-voice-changer/node_modules/@babel/runtime contains an invalid package.json configuration. Consider raising this issue with the package maintainer(s).
[2026-05-31T09:16:01.800Z] [1] Reason: The resolution for "/home/ubuntu/sylix-voice-changer/node_modules/@babel/runtime/helpers/extends" defined in "exports" is /home/ubuntu/sylix-voice-changer/node_modules/@bab
[2026-05-31T09:16:01.800Z] el/runtime/helpers/esm/extends.js, however this file does not exist. Falling back to file-based resolution.
[2026-05-31T09:16:01.800Z] [1]  WARN  The package /home/ubuntu/sylix-voice-changer/node_modules/@babel/runtime contains an invalid package.json configuration. Consider raising this issue with the package maintainer(s).
[2026-05-31T09:16:01.800Z] [1] Reason: The resolution for "/home/ubuntu/sylix-voice-changer/node_modules/@babel/runtime/helpers/extends" defined in "exports" is /home/ubuntu/sylix-voice-changer/node_modules/@babel/runtime/helpers/esm/extends.js, however this file does not exist. Falling back to file-based resolution.
[2026-05-31T09:16:01.800Z] [1]  WARN  The package /home/ubuntu/sylix-voice-changer/node_modules/@babel/runtime contains an invalid package.json configuration. Consider raising this issue with the package maintainer(s).
[2026-05-31T09:16:01.800Z] [1] Reason: The resolution for "/home/ubuntu/sylix-voice-changer/node_modules/@babel/runtime/helpers/extends" defined in "exports" is /home/ubuntu/sylix-voice-changer/node_modules/@babel/runtime/helpers/esm/extends.js, however this file does not exist. Falling back to file-based resolution.
[2026-05-31T09:16:01.800Z] [1]  WARN  The package /home/ubuntu/sylix-voice-changer/node_modules/@babel/runtime contains an invalid package.json configuration. Consider raising this issue with the package maintainer(s).
[2026-05-31T09:16:01.800Z] [1] Reason: The resolution for "/home/ubuntu/sylix-voice-changer/node_modules/@babel/runtime/helpers/extends" defined in "exports" is /home/ubuntu/sylix-voice-changer/node_modules/@babel/runtime/helpers/esm/extends.js, however this file does not exist. Falling back to file-based resolution.
[2026-05-31T09:16:01.800Z] [1]  WARN  The package /home/ubuntu/sylix-voice-changer/node_modules/@babel/runtime contains an invalid package.json configuration. Consider raising this issue with the package maintainer(s).
[2026-05-31T09:16:01.800Z] [1] Reason: The resolution for "/home/ubuntu/sylix-voice-changer/node_modules/@babel/runtime/helpers/extends" defined in "exports" is /home/ubuntu/sylix-voice-changer/node_modules/@babel/runtime/helpers/esm/extends.js, however this file does not exist. Falling back to file-based resolution.
[2026-05-31T09:16:01.800Z] [1]  WARN  The package /home/ubuntu/sylix-voice-changer/node_modules/@babel/runtime contains an invalid package.json configuration. Consider raising this issue with the package maintainer(s).
[2026-05-31T09:16:01.800Z] [1] Reason: The resolution for "/home/ubuntu/sylix-voice-changer/node_modules/@babel/runtime/helpers/extends" defined in "exports" is /home/ubuntu/sylix-voice-changer/node_modules/@babel/runtime/helpers/esm/extends.js, however this file does not exist. Falling back to file-based resolution.
[2026-05-31T09:16:01.800Z] [1]  WARN  The package /home/ubuntu/sylix-voice-changer/node_modules/@babel/runtime contains an invalid package.json configuration. Consider raising this issue with the package maintainer(s).
[2026-05-31T09:16:01.800Z] [1] Reason: The resolution for "/home/ubuntu/sylix-voice-changer/node_modules/@babel/runtime/helpers/objectSpread2" defined in "exports" is /home/ubuntu/sylix-voice-changer/node_modules/@babel/runtime/helpers/esm/objectSpread2.js, however this file does not exist. Falling back to file-based resolution.
[2026-05-31T09:16:01.800Z] [1]  WARN  The package /home/ubuntu/sylix-voice-changer/node_modules/@babel/runtime contains an invalid package.json configuration. Consider raising this issue with the package maintainer(s).
[2026-05-31T09:16:01.800Z] [1] Reason: The resolution for "/home/ubuntu/sylix-voice-changer/node_modules/@babel/runtime/helpers/extends" defined in "exports" is /home/ubuntu/sylix-voice-changer/node_modules/@babel/runtime/helpers/esm/extends.js, however this file does not exist. Falling back to file-based resolution.
[2026-05-31T09:16:01.800Z] [1]  WARN  The package /home/ubuntu/sylix-voice-changer/node_modules/@babel/runtime contains an invalid package.json configuration. Consider raising this issue with the package maintainer(s).
[2026-05-31T09:16:01.800Z] [1] Reason: The resolution for "/home/ubuntu/sylix-voice-changer/node_modules/@babel/runtime/helpers/extends" defined in "exports" is /home/ubuntu/sylix-voice-changer/node_modules/@babel/runtime/helpers/esm/extends.js, however this file does not exist. Falling back to file-based resolution.
[2026-05-31T09:16:01.800Z] [1]  WARN  The package /home/ubuntu/sylix-voice-changer/node_modules/@babel/runtime contains an invalid
[2026-05-31T09:16:01.800Z] package.json configuration. Consider raising this issue with the package maintainer(s).
[2026-05-31T09:16:01.800Z] [1] Reason: The resolution for "/home/ubuntu/sylix-voice-changer/node_modules/@babel/runtime/helpers/extends" defined in "exports" is /home/ubuntu/sylix-voice-changer/node_modules/@babel/runtime/helpers/esm/extends.js, however this file does not exist. Falling back to file-based resolution.
[2026-05-31T09:16:01.800Z] [1]  WARN  The package /home/ubuntu/sylix-voice-changer/node_modules/@babel/runtime contains an invalid package.json configuration. Consider raising this issue with the package maintainer(s).
[2026-05-31T09:16:01.800Z] [1] Reason: The resolution for "/home/ubuntu/sylix-voice-changer/node_modules/@babel/runtime/helpers/extends" defined in "exports" is /home/ubuntu/sylix-voice-changer/node_modules/@babel/runtime/helpers/esm/extends.js, however this file does not exist. Falling back to file-based resolution.
[2026-05-31T09:16:01.800Z] [1]  WARN  The package /home/ubuntu/sylix-voice-changer/node_modules/@babel/runtime contains an invalid package.json configuration. Consider raising this issue with the package maintainer(s).
[2026-05-31T09:16:01.801Z] [1] Reason: The resolution for "/home/ubuntu/sylix-voice-changer/node_modules/@babel/runtime/helpers/extends" defined in "exports" is /home/ubuntu/sylix-voice-changer/node_modules/@babel/runtime/helpers/esm/extends.js, however this file does not exist. Falling back to file-based resolution.
[2026-05-31T09:16:01.801Z] [1]  WARN  The package /home/ubuntu/sylix-voice-changer/node_modules/@babel/runtime contains an invalid package.json configuration. Consider raising this issue with the package maintainer(s).
[2026-05-31T09:16:01.801Z] [1] Reason: The resolution for "/home/ubuntu/sylix-voice-changer/node_modules/@babel/runtime/helpers/extends" defined in "exports" is /home/ubuntu/sylix-voice-changer/node_modules/@babel/runtime/helpers/esm/extends.js, however this file does not exist. Falling back to file-based resolution.
[2026-05-31T09:16:01.801Z] [1]  WARN  The package /home/ubuntu/sylix-voice-changer/node_modules/@babel/runtime contains an invalid package.json configuration. Consider raising this issue with the package maintainer(s).
[2026-05-31T09:16:01.801Z] [1] Reason: The resolution for "/home/ubuntu/sylix-voice-changer/node_modules/@babel/runtime/helpers/extends" defined in "exports" is /home/ubuntu/sylix-voice-changer/node_modules/@babel/runtime/helpers/esm/extends.js, however this file does not exist. Falling back to file-based resolution.
[2026-05-31T09:16:01.801Z] [1]  WARN  The package /home/ubuntu/sylix-voice-changer/node_modules/@babel/runtime contains an invalid package.json configuration. Consider raising this issue with the package maintainer(s).
[2026-05-31T09:16:01.801Z] [1] Reason: The resolution for "/home/ubuntu/sylix-voice-changer/node_modules/@babel/runtime/helpers/extends" defined in "exports" is /home/ubuntu/sylix-voice-changer/node_modules/@babel/runtime/helpers/esm/extends.js, however this file does not exist. Falling back to file-based resolution.
[2026-05-31T09:16:01.801Z] [1]  WARN  The package /home/ubuntu/sylix-voice-changer/node_modules/@babel/runtime contains an invalid package.json configuration. Consider raising this issue with the package maintainer(s).
[2026-05-31T09:16:01.801Z] [1] Reason: The resolution for "/home/ubuntu/sylix-voice-changer/node_modules/@babel/runtime/helpers/extends" defined in "exports" is /home/ubuntu/sylix-voice-changer/node_modules/@babel/runtime/helpers/esm/extends.js, however this file does not exist. Falling back to file-based resolution.
[2026-05-31T09:16:01.801Z] [1]  WARN  The package /home/ubuntu/sylix-voice-changer/node_modules/@babel/runtime contains an invalid package.json configuration. Consider raising this issue with the package maintainer(s).
[2026-05-31T09:16:01.801Z] [1] Reason: The resolution for "/home/ubuntu/sylix-voice-changer/node_modules/@babel/runtime/helpers/objectSpread2" defined in "exports" is /home/ubuntu/sylix-voice-changer/node_modules/@babel/runtime/helpers/esm/objectSpread2.js, however this file does not exist. Falling back to file-based resolution.
[2026-05-31T09:16:01.801Z] [1]  WARN  The package /home/ubuntu/sylix-voice-changer/node_modules/@babel/runtime contains an invalid package.json configuration. Consider raising this issue with the package maintainer(s).
[2026-05-31T09:16:01.801Z] [1] Reason: The resolution for "/home/ubuntu/sylix-voice-changer/node_modules/@babel/runtime/helpers/extends" defined in "ex
[2026-05-31T09:16:01.801Z] ports" is /home/ubuntu/sylix-voice-changer/node_modules/@babel/runtime/helpers/esm/extends.js, however this file does not exist. Falling back to file-based resolution.
[2026-05-31T09:16:01.801Z] [1]  WARN  The package /home/ubuntu/sylix-voice-changer/node_modules/@babel/runtime contains an invalid package.json configuration. Consider raising this issue with the package maintainer(s).
[2026-05-31T09:16:01.801Z] [1] Reason: The resolution for "/home/ubuntu/sylix-voice-changer/node_modules/@babel/runtime/helpers/extends" defined in "exports" is /home/ubuntu/sylix-voice-changer/node_modules/@babel/runtime/helpers/esm/extends.js, however this file does not exist. Falling back to file-based resolution.
[2026-05-31T09:16:01.801Z] [1]  WARN  The package /home/ubuntu/sylix-voice-changer/node_modules/@babel/runtime contains an invalid package.json configuration. Consider raising this issue with the package maintainer(s).
[2026-05-31T09:16:01.801Z] [1] Reason: The resolution for "/home/ubuntu/sylix-voice-changer/node_modules/@babel/runtime/helpers/extends" defined in "exports" is /home/ubuntu/sylix-voice-changer/node_modules/@babel/runtime/helpers/esm/extends.js, however this file does not exist. Falling back to file-based resolution.
[2026-05-31T09:16:01.801Z] [1]  WARN  The package /home/ubuntu/sylix-voice-changer/node_modules/@babel/runtime contains an invalid package.json configuration. Consider raising this issue with the package maintainer(s).
[2026-05-31T09:16:01.801Z] [1] Reason: The resolution for "/home/ubuntu/sylix-voice-changer/node_modules/@babel/runtime/helpers/objectSpread2" defined in "exports" is /home/ubuntu/sylix-voice-changer/node_modules/@babel/runtime/helpers/esm/objectSpread2.js, however this file does not exist. Falling back to file-based resolution.
[2026-05-31T09:16:01.801Z] [1]  WARN  The package /home/ubuntu/sylix-voice-changer/node_modules/@babel/runtime contains an invalid package.json configuration. Consider raising this issue with the package maintainer(s).
[2026-05-31T09:16:01.801Z] [1] Reason: The resolution for "/home/ubuntu/sylix-voice-changer/node_modules/@babel/runtime/helpers/objectWithoutPropertiesLoose" defined in "exports" is /home/ubuntu/sylix-voice-changer/node_modules/@babel/runtime/helpers/esm/objectWithoutPropertiesLoose.js, however this file does not exist. Falling back to file-based resolution.
[2026-05-31T09:16:01.801Z] [1]  WARN  The package /home/ubuntu/sylix-voice-changer/node_modules/@babel/runtime contains an invalid package.json configuration. Consider raising this issue with the package maintainer(s).
[2026-05-31T09:16:01.801Z] [1] Reason: The resolution for "/home/ubuntu/sylix-voice-changer/node_modules/@babel/runtime/helpers/extends" defined in "exports" is /home/ubuntu/sylix-voice-changer/node_modules/@babel/runtime/helpers/esm/extends.js, however this file does not exist. Falling back to file-based resolution.
[2026-05-31T09:16:01.801Z] [1]  WARN  The package /home/ubuntu/sylix-voice-changer/node_modules/@babel/runtime contains an invalid package.json configuration. Consider raising this issue with the package maintainer(s).
[2026-05-31T09:16:01.801Z] [1] Reason: The resolution for "/home/ubuntu/sylix-voice-changer/node_modules/@babel/runtime/helpers/extends" defined in "exports" is /home/ubuntu/sylix-voice-changer/node_modules/@babel/runtime/helpers/esm/extends.js, however this file does not exist. Falling back to file-based resolution.
[2026-05-31T09:16:01.801Z] [1]  WARN  The package /home/ubuntu/sylix-voice-changer/node_modules/@babel/runtime contains an invalid package.json configuration. Consider raising this issue with the package maintainer(s).
[2026-05-31T09:16:01.801Z] [1] Reason: The resolution for "/home/ubuntu/sylix-voice-changer/node_modules/@babel/runtime/helpers/extends" defined in "exports" is /home/ubuntu/sylix-voice-changer/node_modules/@babel/runtime/helpers/esm/extends.js, however this file does not exist. Falling back to file-based resolution.
[2026-05-31T09:16:01.801Z] [1]  WARN  The package /home/ubuntu/sylix-voice-changer/node_modules/@babel/runtime contains an invalid package.json configuration. Consider raising this issue with the package maintainer(s).
[2026-05-31T09:16:01.801Z] [1] Reason: The resolution for "/home/ubuntu/sylix-voice-changer/node_modules/@babel/runtime/helpers/extends" defined in "exports" is /home/ubuntu/sylix-voice-changer/node_modules/@babel/runtime/helpers/esm/extends.js, however this file does not exist. Falling back to file-based resolution.
[2026-05-31T09:16:01.801Z] [1
[2026-05-31T09:16:01.801Z] ]  WARN  The package /home/ubuntu/sylix-voice-changer/node_modules/@babel/runtime contains an invalid package.json configuration. Consider raising this issue with the package maintainer(s).
[2026-05-31T09:16:01.801Z] [1] Reason: The resolution for "/home/ubuntu/sylix-voice-changer/node_modules/@babel/runtime/helpers/extends" defined in "exports" is /home/ubuntu/sylix-voice-changer/node_modules/@babel/runtime/helpers/esm/extends.js, however this file does not exist. Falling back to file-based resolution.
[2026-05-31T09:16:01.801Z] [1]  WARN  The package /home/ubuntu/sylix-voice-changer/node_modules/@babel/runtime contains an invalid package.json configuration. Consider raising this issue with the package maintainer(s).
[2026-05-31T09:16:01.801Z] [1] Reason: The resolution for "/home/ubuntu/sylix-voice-changer/node_modules/@babel/runtime/helpers/extends" defined in "exports" is /home/ubuntu/sylix-voice-changer/node_modules/@babel/runtime/helpers/esm/extends.js, however this file does not exist. Falling back to file-based resolution.
[2026-05-31T09:16:01.801Z] [1]  WARN  The package /home/ubuntu/sylix-voice-changer/node_modules/@babel/runtime contains an invalid package.json configuration. Consider raising this issue with the package maintainer(s).
[2026-05-31T09:16:01.801Z] [1] Reason: The resolution for "/home/ubuntu/sylix-voice-changer/node_modules/@babel/runtime/helpers/extends" defined in "exports" is /home/ubuntu/sylix-voice-changer/node_modules/@babel/runtime/helpers/esm/extends.js, however this file does not exist. Falling back to file-based resolution.
[2026-05-31T09:16:01.801Z] [1]  WARN  The package /home/ubuntu/sylix-voice-changer/node_modules/@babel/runtime contains an invalid package.json configuration. Consider raising this issue with the package maintainer(s).
[2026-05-31T09:16:01.801Z] [1] Reason: The resolution for "/home/ubuntu/sylix-voice-changer/node_modules/@babel/runtime/helpers/extends" defined in "exports" is /home/ubuntu/sylix-voice-changer/node_modules/@babel/runtime/helpers/esm/extends.js, however this file does not exist. Falling back to file-based resolution.
[2026-05-31T09:16:01.801Z] [1]  WARN  The package /home/ubuntu/sylix-voice-changer/node_modules/@babel/runtime contains an invalid package.json configuration. Consider raising this issue with the package maintainer(s).
[2026-05-31T09:16:01.801Z] [1] Reason: The resolution for "/home/ubuntu/sylix-voice-changer/node_modules/@babel/runtime/helpers/extends" defined in "exports" is /home/ubuntu/sylix-voice-changer/node_modules/@babel/runtime/helpers/esm/extends.js, however this file does not exist. Falling back to file-based resolution.
[2026-05-31T09:16:01.801Z] [1]  WARN  The package /home/ubuntu/sylix-voice-changer/node_modules/@babel/runtime contains an invalid package.json configuration. Consider raising this issue with the package maintainer(s).
[2026-05-31T09:16:01.801Z] [1] Reason: The resolution for "/home/ubuntu/sylix-voice-changer/node_modules/@babel/runtime/helpers/extends" defined in "exports" is /home/ubuntu/sylix-voice-changer/node_modules/@babel/runtime/helpers/esm/extends.js, however this file does not exist. Falling back to file-based resolution.
[2026-05-31T09:16:01.801Z] [1]  WARN  The package /home/ubuntu/sylix-voice-changer/node_modules/@babel/runtime contains an invalid package.json configuration. Consider raising this issue with the package maintainer(s).
[2026-05-31T09:16:01.801Z] [1] Reason: The resolution for "/home/ubuntu/sylix-voice-changer/node_modules/@babel/runtime/helpers/extends" defined in "exports" is /home/ubuntu/sylix-voice-changer/node_modules/@babel/runtime/helpers/esm/extends.js, however this file does not exist. Falling back to file-based resolution.
[2026-05-31T09:16:01.801Z] [1]  WARN  The package /home/ubuntu/sylix-voice-changer/node_modules/@babel/runtime contains an invalid package.json configuration. Consider raising this issue with the package maintainer(s).
[2026-05-31T09:16:01.801Z] [1] Reason: The resolution for "/home/ubuntu/sylix-voice-changer/node_modules/@babel/runtime/helpers/extends" defined in "exports" is /home/ubuntu/sylix-voice-changer/node_modules/@babel/runtime/helpers/esm/extends.js, however this file does not exist. Falling back to file-based resolution.
[2026-05-31T09:16:01.801Z] [1]  WARN  The package /home/ubuntu/sylix-voice-changer/node_modules/@babel/runtime contains an invalid package.json configuration. Consider raising this issue with the package maintainer(s).
[2026-05-31T09:16:01.801Z] [1] Reason: The resolution for "/h
[2026-05-31T09:16:01.801Z] ome/ubuntu/sylix-voice-changer/node_modules/@babel/runtime/helpers/objectSpread2" defined in "exports" is /home/ubuntu/sylix-voice-changer/node_modules/@babel/runtime/helpers/esm/objectSpread2.js, however this file does not exist. Falling back to file-based resolution.
[2026-05-31T09:16:01.801Z] [1]  WARN  The package /home/ubuntu/sylix-voice-changer/node_modules/@babel/runtime contains an invalid package.json configuration. Consider raising this issue with the package maintainer(s).
[2026-05-31T09:16:01.801Z] [1] Reason: The resolution for "/home/ubuntu/sylix-voice-changer/node_modules/@babel/runtime/helpers/extends" defined in "exports" is /home/ubuntu/sylix-voice-changer/node_modules/@babel/runtime/helpers/esm/extends.js, however this file does not exist. Falling back to file-based resolution.
[2026-05-31T09:16:01.801Z] [1]  WARN  The package /home/ubuntu/sylix-voice-changer/node_modules/@babel/runtime contains an invalid package.json configuration. Consider raising this issue with the package maintainer(s).
[2026-05-31T09:16:01.801Z] [1] Reason: The resolution for "/home/ubuntu/sylix-voice-changer/node_modules/@babel/runtime/helpers/extends" defined in "exports" is /home/ubuntu/sylix-voice-changer/node_modules/@babel/runtime/helpers/esm/extends.js, however this file does not exist. Falling back to file-based resolution.
[2026-05-31T09:16:01.801Z] [1]  WARN  The package /home/ubuntu/sylix-voice-changer/node_modules/@babel/runtime contains an invalid package.json configuration. Consider raising this issue with the package maintainer(s).
[2026-05-31T09:16:01.801Z] [1] Reason: The resolution for "/home/ubuntu/sylix-voice-changer/node_modules/@babel/runtime/helpers/extends" defined in "exports" is /home/ubuntu/sylix-voice-changer/node_modules/@babel/runtime/helpers/esm/extends.js, however this file does not exist. Falling back to file-based resolution.
[2026-05-31T09:16:01.801Z] [1]  WARN  The package /home/ubuntu/sylix-voice-changer/node_modules/@babel/runtime contains an invalid package.json configuration. Consider raising this issue with the package maintainer(s).
[2026-05-31T09:16:01.801Z] [1] Reason: The resolution for "/home/ubuntu/sylix-voice-changer/node_modules/@babel/runtime/helpers/objectWithoutPropertiesLoose" defined in "exports" is /home/ubuntu/sylix-voice-changer/node_modules/@babel/runtime/helpers/esm/objectWithoutPropertiesLoose.js, however this file does not exist. Falling back to file-based resolution.
[2026-05-31T09:16:01.801Z] [1]  WARN  The package /home/ubuntu/sylix-voice-changer/node_modules/@babel/runtime contains an invalid package.json configuration. Consider raising this issue with the package maintainer(s).
[2026-05-31T09:16:01.801Z] [1] Reason: The resolution for "/home/ubuntu/sylix-voice-changer/node_modules/@babel/runtime/helpers/objectSpread2" defined in "exports" is /home/ubuntu/sylix-voice-changer/node_modules/@babel/runtime/helpers/esm/objectSpread2.js, however this file does not exist. Falling back to file-based resolution.
[2026-05-31T09:16:01.801Z] [1]  WARN  The package /home/ubuntu/sylix-voice-changer/node_modules/@babel/runtime contains an invalid package.json configuration. Consider raising this issue with the package maintainer(s).
[2026-05-31T09:16:01.801Z] [1] Reason: The resolution for "/home/ubuntu/sylix-voice-changer/node_modules/@babel/runtime/helpers/extends" defined in "exports" is /home/ubuntu/sylix-voice-changer/node_modules/@babel/runtime/helpers/esm/extends.js, however this file does not exist. Falling back to file-based resolution.
[2026-05-31T09:16:01.801Z] [1]  WARN  The package /home/ubuntu/sylix-voice-changer/node_modules/@babel/runtime contains an invalid package.json configuration. Consider raising this issue with the package maintainer(s).
[2026-05-31T09:16:01.801Z] [1] Reason: The resolution for "/home/ubuntu/sylix-voice-changer/node_modules/@babel/runtime/helpers/extends" defined in "exports" is /home/ubuntu/sylix-voice-changer/node_modules/@babel/runtime/helpers/esm/extends.js, however this file does not exist. Falling back to file-based resolution.
[2026-05-31T09:16:01.801Z] [1]  WARN  The package /home/ubuntu/sylix-voice-changer/node_modules/@babel/runtime contains an invalid package.json configuration. Consider raising this issue with the package maintainer(s).
[2026-05-31T09:16:01.801Z] [1] Reason: The resolution for "/home/ubuntu/sylix-voice-changer/node_modules/@babel/runtime/helpers/extends" defined in "exports" is /home/ubuntu/sylix-voice-changer/node_modules/@babel/runti
[2026-05-31T09:16:01.801Z] me/helpers/esm/extends.js, however this file does not exist. Falling back to file-based resolution.
[2026-05-31T09:16:01.801Z] [1]  WARN  The package /home/ubuntu/sylix-voice-changer/node_modules/@babel/runtime contains an invalid package.json configuration. Consider raising this issue with the package maintainer(s).
[2026-05-31T09:16:01.801Z] [1] Reason: The resolution for "/home/ubuntu/sylix-voice-changer/node_modules/@babel/runtime/helpers/extends" defined in "exports" is /home/ubuntu/sylix-voice-changer/node_modules/@babel/runtime/helpers/esm/extends.js, however this file does not exist. Falling back to file-based resolution.
[2026-05-31T09:16:01.801Z] [1]  WARN  The package /home/ubuntu/sylix-voice-changer/node_modules/@babel/runtime contains an invalid package.json configuration. Consider raising this issue with the package maintainer(s).
[2026-05-31T09:16:01.801Z] [1] Reason: The resolution for "/home/ubuntu/sylix-voice-changer/node_modules/@babel/runtime/helpers/extends" defined in "exports" is /home/ubuntu/sylix-voice-changer/node_modules/@babel/runtime/helpers/esm/extends.js, however this file does not exist. Falling back to file-based resolution.
[2026-05-31T09:16:01.801Z] [1]  WARN  The package /home/ubuntu/sylix-voice-changer/node_modules/@babel/runtime contains an invalid package.json configuration. Consider raising this issue with the package maintainer(s).
[2026-05-31T09:16:01.801Z] [1] Reason: The resolution for "/home/ubuntu/sylix-voice-changer/node_modules/@babel/runtime/helpers/extends" defined in "exports" is /home/ubuntu/sylix-voice-changer/node_modules/@babel/runtime/helpers/esm/extends.js, however this file does not exist. Falling back to file-based resolution.
[2026-05-31T09:16:01.801Z] [1]  WARN  The package /home/ubuntu/sylix-voice-changer/node_modules/expo-modules-core contains an invalid package.json configuration. Consider raising this issue with the package maintainer(s).
[2026-05-31T09:16:01.801Z] [1] Reason: The resolution for "/home/ubuntu/sylix-voice-changer/node_modules/expo-modules-core" defined in "exports" is /home/ubuntu/sylix-voice-changer/node_modules/expo-modules-core/src/index.ts, however this file does not exist. Falling back to file-based resolution.
[2026-05-31T09:16:01.801Z] [1]  WARN  The package /home/ubuntu/sylix-voice-changer/node_modules/expo-modules-core contains an invalid package.json configuration. Consider raising this issue with the package maintainer(s).
[2026-05-31T09:16:01.801Z] [1] Reason: The resolution for "/home/ubuntu/sylix-voice-changer/node_modules/expo-modules-core" defined in "exports" is /home/ubuntu/sylix-voice-changer/node_modules/expo-modules-core/src/index.ts, however this file does not exist. Falling back to file-based resolution.
[2026-05-31T09:16:01.801Z] [1]  WARN  The package /home/ubuntu/sylix-voice-changer/node_modules/expo-modules-core contains an invalid package.json configuration. Consider raising this issue with the package maintainer(s).
[2026-05-31T09:16:01.801Z] [1] Reason: The resolution for "/home/ubuntu/sylix-voice-changer/node_modules/expo-modules-core" defined in "exports" is /home/ubuntu/sylix-voice-changer/node_modules/expo-modules-core/src/index.ts, however this file does not exist. Falling back to file-based resolution.
[2026-05-31T09:16:01.801Z] [1]  WARN  The package /home/ubuntu/sylix-voice-changer/node_modules/expo-modules-core contains an invalid package.json configuration. Consider raising this issue with the package maintainer(s).
[2026-05-31T09:16:01.801Z] [1] Reason: The resolution for "/home/ubuntu/sylix-voice-changer/node_modules/expo-modules-core" defined in "exports" is /home/ubuntu/sylix-voice-changer/node_modules/expo-modules-core/src/index.ts, however this file does not exist. Falling back to file-based resolution.
[2026-05-31T09:16:01.801Z] [1]  WARN  The package /home/ubuntu/sylix-voice-changer/node_modules/expo-modules-core contains an invalid package.json configuration. Consider raising this issue with the package maintainer(s).
[2026-05-31T09:16:01.801Z] [1] Reason: The resolution for "/home/ubuntu/sylix-voice-changer/node_modules/expo-modules-core" defined in "exports" is /home/ubuntu/sylix-voice-changer/node_modules/expo-modules-core/src/index.ts, however this file does not exist. Falling back to file-based resolution.
[2026-05-31T09:16:01.801Z] [1]  WARN  The package /home/ubuntu/sylix-voice-changer/node_modules/@babel/runtime contains an invalid package.json configuration. Consider raising this issue with the package maintainer(s).
[2026-05-31T09:16:01.801Z] [1] Reason: The r
[2026-05-31T09:16:01.801Z] esolution for "/home/ubuntu/sylix-voice-changer/node_modules/@babel/runtime/helpers/classPrivateFieldLooseBase" defined in "exports" is /home/ubuntu/sylix-voice-changer/node_modules/@babel/runtime/helpers/classPrivateFieldLooseBase.js, however this file does not exist. Falling back to file-based resolution.
[2026-05-31T09:16:01.801Z] [1]  WARN  The package /home/ubuntu/sylix-voice-changer/node_modules/@babel/runtime contains an invalid package.json configuration. Consider raising this issue with the package maintainer(s).
[2026-05-31T09:16:01.801Z] [1] Reason: The resolution for "/home/ubuntu/sylix-voice-changer/node_modules/@babel/runtime/helpers/classPrivateFieldLooseBase" defined in "exports" is /home/ubuntu/sylix-voice-changer/node_modules/@babel/runtime/helpers/classPrivateFieldLooseBase.js, however this file does not exist. Falling back to file-based resolution.
[2026-05-31T09:16:01.801Z] [1]  WARN  The package /home/ubuntu/sylix-voice-changer/node_modules/@babel/runtime contains an invalid package.json configuration. Consider raising this issue with the package maintainer(s).
[2026-05-31T09:16:01.801Z] [1] Reason: The resolution for "/home/ubuntu/sylix-voice-changer/node_modules/@babel/runtime/helpers/classPrivateFieldLooseBase" defined in "exports" is /home/ubuntu/sylix-voice-changer/node_modules/@babel/runtime/helpers/classPrivateFieldLooseBase.js, however this file does not exist. Falling back to file-based resolution.
[2026-05-31T09:16:01.801Z] [1]  WARN  The package /home/ubuntu/sylix-voice-changer/node_modules/@babel/runtime contains an invalid package.json configuration. Consider raising this issue with the package maintainer(s).
[2026-05-31T09:16:01.801Z] [1] Reason: The resolution for "/home/ubuntu/sylix-voice-changer/node_modules/@babel/runtime/helpers/classPrivateFieldLooseBase" defined in "exports" is /home/ubuntu/sylix-voice-changer/node_modules/@babel/runtime/helpers/classPrivateFieldLooseBase.js, however this file does not exist. Falling back to file-based resolution.
[2026-05-31T09:16:01.801Z] [1]  WARN  The package /home/ubuntu/sylix-voice-changer/node_modules/@babel/runtime contains an invalid package.json configuration. Consider raising this issue with the package maintainer(s).
[2026-05-31T09:16:01.801Z] [1] Reason: The resolution for "/home/ubuntu/sylix-voice-changer/node_modules/@babel/runtime/helpers/classPrivateFieldLooseBase" defined in "exports" is /home/ubuntu/sylix-voice-changer/node_modules/@babel/runtime/helpers/classPrivateFieldLooseBase.js, however this file does not exist. Falling back to file-based resolution.
[2026-05-31T09:16:01.801Z] [1]  WARN  The package /home/ubuntu/sylix-voice-changer/node_modules/@babel/runtime contains an invalid package.json configuration. Consider raising this issue with the package maintainer(s).
[2026-05-31T09:16:01.801Z] [1] Reason: The resolution for "/home/ubuntu/sylix-voice-changer/node_modules/@babel/runtime/helpers/classPrivateFieldLooseBase" defined in "exports" is /home/ubuntu/sylix-voice-changer/node_modules/@babel/runtime/helpers/classPrivateFieldLooseBase.js, however this file does not exist. Falling back to file-based resolution.
[2026-05-31T09:16:01.801Z] [1]  WARN  The package /home/ubuntu/sylix-voice-changer/node_modules/@babel/runtime contains an invalid package.json configuration. Consider raising this issue with the package maintainer(s).
[2026-05-31T09:16:01.801Z] [1] Reason: The resolution for "/home/ubuntu/sylix-voice-changer/node_modules/@babel/runtime/helpers/classPrivateFieldLooseBase" defined in "exports" is /home/ubuntu/sylix-voice-changer/node_modules/@babel/runtime/helpers/classPrivateFieldLooseBase.js, however this file does not exist. Falling back to file-based resolution.
[2026-05-31T09:16:01.801Z] [1]  WARN  The package /home/ubuntu/sylix-voice-changer/node_modules/@babel/runtime contains an invalid package.json configuration. Consider raising this issue with the package maintainer(s).
[2026-05-31T09:16:01.801Z] [1] Reason: The resolution for "/home/ubuntu/sylix-voice-changer/node_modules/@babel/runtime/helpers/classPrivateFieldLooseBase" defined in "exports" is /home/ubuntu/sylix-voice-changer/node_modules/@babel/runtime/helpers/classPrivateFieldLooseBase.js, however this file does not exist. Falling back to file-based resolution.
[2026-05-31T09:16:01.801Z] [1]  WARN  The package /home/ubuntu/sylix-voice-changer/node_modules/@babel/runtime contains an invalid package.json configuration. Consider raising this issue w
[2026-05-31T09:16:01.802Z] ith the package maintainer(s).
[2026-05-31T09:16:01.802Z] [1] Reason: The resolution for "/home/ubuntu/sylix-voice-changer/node_modules/@babel/runtime/helpers/classPrivateFieldLooseBase" defined in "exports" is /home/ubuntu/sylix-voice-changer/node_modules/@babel/runtime/helpers/classPrivateFieldLooseBase.js, however this file does not exist. Falling back to file-based resolution.
[2026-05-31T09:16:01.802Z] [1]  WARN  The package /home/ubuntu/sylix-voice-changer/node_modules/@babel/runtime contains an invalid package.json configuration. Consider raising this issue with the package maintainer(s).
[2026-05-31T09:16:01.802Z] [1] Reason: The resolution for "/home/ubuntu/sylix-voice-changer/node_modules/@babel/runtime/helpers/classPrivateFieldLooseBase" defined in "exports" is /home/ubuntu/sylix-voice-changer/node_modules/@babel/runtime/helpers/classPrivateFieldLooseBase.js, however this file does not exist. Falling back to file-based resolution.
[2026-05-31T09:16:01.802Z] [1]  WARN  The package /home/ubuntu/sylix-voice-changer/node_modules/@babel/runtime contains an invalid package.json configuration. Consider raising this issue with the package maintainer(s).
[2026-05-31T09:16:01.802Z] [1] Reason: The resolution for "/home/ubuntu/sylix-voice-changer/node_modules/@babel/runtime/helpers/classPrivateFieldLooseBase" defined in "exports" is /home/ubuntu/sylix-voice-changer/node_modules/@babel/runtime/helpers/classPrivateFieldLooseBase.js, however this file does not exist. Falling back to file-based resolution.
[2026-05-31T09:16:01.802Z] [1]  WARN  The package /home/ubuntu/sylix-voice-changer/node_modules/@babel/runtime contains an invalid package.json configuration. Consider raising this issue with the package maintainer(s).
[2026-05-31T09:16:01.802Z] [1] Reason: The resolution for "/home/ubuntu/sylix-voice-changer/node_modules/@babel/runtime/helpers/classPrivateFieldLooseBase" defined in "exports" is /home/ubuntu/sylix-voice-changer/node_modules/@babel/runtime/helpers/classPrivateFieldLooseBase.js, however this file does not exist. Falling back to file-based resolution.
[2026-05-31T09:16:01.802Z] [1]  WARN  The package /home/ubuntu/sylix-voice-changer/node_modules/@babel/runtime contains an invalid package.json configuration. Consider raising this issue with the package maintainer(s).
[2026-05-31T09:16:01.802Z] [1] Reason: The resolution for "/home/ubuntu/sylix-voice-changer/node_modules/@babel/runtime/helpers/classPrivateFieldLooseBase" defined in "exports" is /home/ubuntu/sylix-voice-changer/node_modules/@babel/runtime/helpers/classPrivateFieldLooseBase.js, however this file does not exist. Falling back to file-based resolution.
[2026-05-31T09:16:01.802Z] [1]  WARN  The package /home/ubuntu/sylix-voice-changer/node_modules/@babel/runtime contains an invalid package.json configuration. Consider raising this issue with the package maintainer(s).
[2026-05-31T09:16:01.802Z] [1] Reason: The resolution for "/home/ubuntu/sylix-voice-changer/node_modules/@babel/runtime/helpers/classPrivateFieldLooseBase" defined in "exports" is /home/ubuntu/sylix-voice-changer/node_modules/@babel/runtime/helpers/classPrivateFieldLooseBase.js, however this file does not exist. Falling back to file-based resolution.
[2026-05-31T09:16:01.802Z] [1]  WARN  The package /home/ubuntu/sylix-voice-changer/node_modules/@babel/runtime contains an invalid package.json configuration. Consider raising this issue with the package maintainer(s).
[2026-05-31T09:16:01.802Z] [1] Reason: The resolution for "/home/ubuntu/sylix-voice-changer/node_modules/@babel/runtime/helpers/classPrivateFieldLooseBase" defined in "exports" is /home/ubuntu/sylix-voice-changer/node_modules/@babel/runtime/helpers/classPrivateFieldLooseBase.js, however this file does not exist. Falling back to file-based resolution.
[2026-05-31T09:16:01.883Z] [1] /home/ubuntu/sylix-voice-changer/node_modules/@expo/cli/build/src/utils/errors.js:130
[2026-05-31T09:16:01.883Z] [1]     throw error;
[2026-05-31T09:16:01.883Z] [1]     ^
[2026-05-31T09:16:01.883Z] [1]
[2026-05-31T09:16:01.883Z] [1] Error: Cannot find module '@expo/metro/metro/lib/formatBundlingError'
[2026-05-31T09:16:01.883Z] [1] Require stack:
[2026-05-31T09:16:01.883Z] [1] - /home/ubuntu/sylix-voice-changer/node_modules/@expo/cli/build/src/start/server/metro/instantiateMetro.js
[2026-05-31T09:16:01.883Z] [1] - /home/ubuntu/sylix-voice-changer/node_modules/@expo/cli/build/src/start/server/metro/MetroBundlerDevServer.js
[2026-05-31T09:16:01.883Z] [1] - /home/ubuntu/sylix-voice-changer/node_modules/@expo/cli/build/src/start/server/DevServerManager.js
[2026-05-31T09:16:01.883Z] [1] - /home/ubuntu/sylix-voice-changer/node_modules/@expo/cli/build/src/start/startAsync.js
[2026-05-31T09:16:01.883Z] [1] - /home/ubuntu/sylix-voice-changer/node_modules/@expo/cli/build/src/start/index.js
[2026-05-31T09:16:01.883Z] [1] - /home/ubuntu/sylix-voice-changer/node_modules/@expo/cli/build/bin/cli
[2026-05-31T09:16:01.883Z] [1] - /home/ubuntu/sylix-voice-changer/node_modules/expo/bin/cli
[2026-05-31T09:16:01.883Z] [1]     at Function._resolveFilename (node:internal/modules/cjs/loader:1244:15)
[2026-05-31T09:16:01.883Z] [1]     at Function._load (node:internal/modules/cjs/loader:1070:27)
[2026-05-31T09:16:01.883Z] [1]     at TracingChannel.traceSync (node:diagnostics_channel:322:14)
[2026-05-31T09:16:01.883Z] [1]     at wrapModuleLoad (node:internal/modules/cjs/loader:217:24)
[2026-05-31T09:16:01.883Z] [1]     at Module.require (node:internal/modules/cjs/loader:1335:12)
[2026-05-31T09:16:01.883Z] [1]     at require (node:internal/modules/helpers:136:16)
[2026-05-31T09:16:01.883Z] [1]     at _formatBundlingError (/home/ubuntu/sylix-voice-changer/node_modules/@expo/cli/build/src/start/server/metro/instantiateMetro.js:44:57)
[2026-05-31T09:16:01.883Z] [1]     at HmrServer.hmrServer._prepareMessage (/home/ubuntu/sylix-voice-changer/node_modules/@expo/cli/build/src/start/server/metro/instantiateMetro.js:356:44)
[2026-05-31T09:16:01.883Z] [1]     at HmrServer._handleFileChange (/home/ubuntu/sylix-voice-changer/node_modules/metro/src/HmrServer.js:259:21)
[2026-05-31T09:16:01.883Z] [1]     at /home/ubuntu/sylix-voice-changer/node_modules/metro/src/HmrServer.js:156:11 {
[2026-05-31T09:16:01.883Z] [1]   code: 'MODULE_NOT_FOUND',
[2026-05-31T09:16:01.883Z] [1]   requireStack: [
[2026-05-31T09:16:01.883Z] [1]     '/home/ubuntu/sylix-voice-changer/node_modules/@expo/cli/build/src/start/server/metro/instantiateMetro.js',
[2026-05-31T09:16:01.883Z] [1]     '/home/ubuntu/sylix-voice-changer/node_modules/@expo/cli/build/src/start/server/metro/MetroBundlerDevServer.js',
[2026-05-31T09:16:01.883Z] [1]     '/home/ubuntu/sylix-voice-changer/node_modules/@expo/cli/build/src/start/server/DevServerManager.js',
[2026-05-31T09:16:01.883Z] [1]     '/home/ubuntu/sylix-voice-changer/node_modules/@expo/cli/build/src/start/startAsync.js',
[2026-05-31T09:16:01.883Z] [1]     '/home/ubuntu/sylix-voice-changer/node_modules/@expo/cli/build/src/start/index.js',
[2026-05-31T09:16:01.883Z] [1]     '/home/ubuntu/sylix-voice-changer/node_modules/@expo/cli/build/bin/cli',
[2026-05-31T09:16:01.883Z] [1]     '/home/ubuntu/sylix-voice-changer/node_modules/expo/bin/cli'
[2026-05-31T09:16:01.883Z] [1]   ]
[2026-05-31T09:16:01.883Z] [1] }
[2026-05-31T09:16:01.883Z] [1]
[2026-05-31T09:16:01.883Z] [1] Node.js v22.13.0
[2026-05-31T09:16:02.029Z] [1]  ELIFECYCLE  Command failed with exit code 7.
[2026-05-31T09:16:02.030Z] [1]  WARN   Local package.json exists, but node_modules missing, did you mean to install?
[2026-05-31T09:16:02.051Z] [1] pnpm dev:metro exited with code 7
[2026-05-31T09:16:02.052Z] --> Sending SIGTERM to other processes..
[2026-05-31T09:16:02.097Z] [0]  ELIFECYCLE  Command failed.
[2026-05-31T09:16:02.098Z] [0]  WARN   Local package.json exists, but node_modules missing, did you mean to install?
[2026-05-31T09:16:02.103Z] [0] pnpm dev:server exited with code SIGTERM
[2026-05-31T09:16:02.112Z] ELIFECYCLE  Command failed with exit code 1.
[2026-05-31T09:16:02.113Z] WARN   Local package.json exists, but node_modules missing, did you mean to install?
[2026-05-31T09:16:02.150Z] Dev server exited with code 1
